#
# There is insufficient memory for the Java Runtime Environment to continue.
# Native memory allocation (malloc) failed to allocate 157712 bytes for Chunk::new
# Possible reasons:
#   The system is out of physical RAM or swap space
#   In 32 bit mode, the process size limit was hit
# Possible solutions:
#   Reduce memory load on the system
#   Increase physical memory or swap space
#   Check if swap backing store is full
#   Use 64 bit Java on a 64 bit OS
#   Decrease Java heap size (-Xmx/-Xms)
#   Decrease number of Java threads
#   Decrease Java thread stack sizes (-Xss)
#   Set larger code cache with -XX:ReservedCodeCacheSize=
# This output file may be truncated or incomplete.
#
#  Out of Memory Error (allocation.cpp:390), pid=5892, tid=0x0000000000000f18
#
# JRE version: Java(TM) SE Runtime Environment (8.0_162-b12) (build 1.8.0_162-b12)
# Java VM: Java HotSpot(TM) 64-Bit Server VM (25.162-b12 mixed mode windows-amd64 compressed oops)
# Failed to write core dump. Minidumps are not enabled by default on client versions of Windows
#

---------------  T H R E A D  ---------------

Current thread (0x0000000019845000):  JavaThread "C2 CompilerThread0" daemon [_thread_in_native, id=3864, stack(0x000000001a010000,0x000000001a110000)]

Stack: [0x000000001a010000,0x000000001a110000]
[error occurred during error reporting (printing stack bounds), id 0xc0000005]

Native frames: (J=compiled Java code, j=interpreted, Vv=VM code, C=native code)


Current CompileTask:
C2:    440  549       4       java.io.InputStreamReader::read (11 bytes)


---------------  P R O C E S S  ---------------

Java Threads: ( => current thread )
  0x00000000198e4000 JavaThread "Service Thread" daemon [_thread_blocked, id=15736, stack(0x000000001a410000,0x000000001a510000)]
  0x000000001984d800 JavaThread "C1 CompilerThread3" daemon [_thread_blocked, id=16628, stack(0x000000001a310000,0x000000001a410000)]
  0x0000000019849000 JavaThread "C2 CompilerThread2" daemon [_thread_in_native, id=3916, stack(0x000000001a210000,0x000000001a310000)]
  0x0000000019848800 JavaThread "C2 CompilerThread1" daemon [_thread_in_native, id=5480, stack(0x000000001a110000,0x000000001a210000)]
=>0x0000000019845000 JavaThread "C2 CompilerThread0" daemon [_thread_in_native, id=3864, stack(0x000000001a010000,0x000000001a110000)]
  0x0000000019843000 JavaThread "Attach Listener" daemon [_thread_blocked, id=7056, stack(0x0000000019f10000,0x000000001a010000)]
  0x0000000019842000 JavaThread "Signal Dispatcher" daemon [_thread_blocked, id=10760, stack(0x0000000019e10000,0x0000000019f10000)]
  0x0000000019830800 JavaThread "Finalizer" daemon [_thread_blocked, id=10688, stack(0x0000000019c10000,0x0000000019d10000)]
  0x000000001793d000 JavaThread "Reference Handler" daemon [_thread_blocked, id=13384, stack(0x0000000019710000,0x0000000019810000)]
  0x000000000280e800 JavaThread "main" [_thread_in_Java, id=13692, stack(0x0000000002840000,0x0000000002940000)]

Other Threads:
  0x0000000017938800 VMThread [stack: 0x0000000019610000,0x0000000019710000] [id=6556]
  0x00000000198ef000 WatcherThread [stack: 0x000000001a510000,0x000000001a610000] [id=13932]

VM state:not at safepoint (normal execution)

VM Mutex/Monitor currently owned by a thread: None

Heap:
 PSYoungGen      total 37888K, used 24470K [0x00000000d6200000, 0x00000000d8c00000, 0x0000000100000000)
  eden space 32768K, 74% used [0x00000000d6200000,0x00000000d79e59d8,0x00000000d8200000)
  from space 5120K, 0% used [0x00000000d8700000,0x00000000d8700000,0x00000000d8c00000)
  to   space 5120K, 0% used [0x00000000d8200000,0x00000000d8200000,0x00000000d8700000)
 ParOldGen       total 86016K, used 0K [0x0000000082600000, 0x0000000087a00000, 0x00000000d6200000)
  object space 86016K, 0% used [0x0000000082600000,0x0000000082600000,0x0000000087a00000)
 Metaspace       used 7878K, capacity 8028K, committed 8192K, reserved 1056768K
  class space    used 950K, capacity 1016K, committed 1024K, reserved 1048576K

Card table byte_map: [0x0000000011e00000,0x00000000121f0000] byte_map_base: 0x00000000119ed000

Marking Bits: (ParMarkBitMap*) 0x000000006d190860
 Begin Bits: [0x0000000012c90000, 0x0000000014bf8000)
 End Bits:   [0x0000000014bf8000, 0x0000000016b60000)

Polling page: 0x0000000002730000

CodeCache: size=245760Kb used=2711Kb max_used=2711Kb free=243048Kb
 bounds [0x0000000002a40000, 0x0000000002cf0000, 0x0000000011a40000]
 total_blobs=866 nmethods=565 adapters=214
 compilation: enabled

Compilation events (10 events):
Event: 0.435 Thread 0x000000001984d800  575       3       org.codehaus.plexus.util.xml.pull.MXParser::nextText (103 bytes)
Event: 0.435 Thread 0x000000001984d800 nmethod 575 0x0000000002ce5250 code [0x0000000002ce54c0, 0x0000000002ce6248]
Event: 0.436 Thread 0x000000001984d800  577       3       java.lang.Character::charCount (12 bytes)
Event: 0.436 Thread 0x000000001984d800 nmethod 577 0x0000000002ce68d0 code [0x0000000002ce6a20, 0x0000000002ce6bb0]
Event: 0.436 Thread 0x000000001984d800  576       3       java.lang.Character::isHighSurrogate (18 bytes)
Event: 0.437 Thread 0x000000001984d800 nmethod 576 0x0000000002ce6c10 code [0x0000000002ce6d60, 0x0000000002ce6f30]
Event: 0.438 Thread 0x000000001984d800  578       3       java.util.jar.Attributes$Name::equals (39 bytes)
Event: 0.439 Thread 0x000000001984d800 nmethod 578 0x0000000002ce6f90 code [0x0000000002ce7120, 0x0000000002ce75c8]
Event: 0.439 Thread 0x000000001984d800  579       3       sun.misc.ASCIICaseInsensitiveComparator::compare (13 bytes)
Event: 0.439 Thread 0x000000001984d800 nmethod 579 0x0000000002ce7710 code [0x0000000002ce7880, 0x0000000002ce7be8]

GC Heap History (0 events):
No events

Deoptimization events (3 events):
Event: 0.085 Thread 0x000000000280e800 Uncommon trap: reason=unstable_if action=reinterpret pc=0x0000000002b5cf44 method=java.lang.String.equals(Ljava/lang/Object;)Z @ 2
Event: 0.286 Thread 0x000000000280e800 Uncommon trap: reason=unstable_if action=reinterpret pc=0x0000000002bc8340 method=java.lang.String.indexOf([CII[CIII)I @ 3
Event: 0.407 Thread 0x000000000280e800 Uncommon trap: reason=unstable_if action=reinterpret pc=0x0000000002be9ca4 method=org.codehaus.plexus.util.xml.pull.MXParser.more()C @ 8

Classes redefined (0 events):
No events

Internal exceptions (9 events):
Event: 0.025 Thread 0x000000000280e800 Exception <a 'java/lang/NoSuchMethodError': Method sun.misc.Unsafe.defineClass(Ljava/lang/String;[BII)Ljava/lang/Class; name or signature does not match> (0x00000000d6207ca0) thrown at [C:\re\workspace\8-2-build-windows-amd64-cygwin\jdk8u162\10278\hotspot
Event: 0.026 Thread 0x000000000280e800 Exception <a 'java/lang/NoSuchMethodError': Method sun.misc.Unsafe.prefetchRead(Ljava/lang/Object;J)V name or signature does not match> (0x00000000d6207f88) thrown at [C:\re\workspace\8-2-build-windows-amd64-cygwin\jdk8u162\10278\hotspot\src\share\vm\prim
Event: 0.182 Thread 0x000000000280e800 Exception <a 'java/security/PrivilegedActionException'> (0x00000000d6667fc0) thrown at [C:\re\workspace\8-2-build-windows-amd64-cygwin\jdk8u162\10278\hotspot\src\share\vm\prims\jvm.cpp, line 1390]
Event: 0.182 Thread 0x000000000280e800 Exception <a 'java/security/PrivilegedActionException'> (0x00000000d66681d0) thrown at [C:\re\workspace\8-2-build-windows-amd64-cygwin\jdk8u162\10278\hotspot\src\share\vm\prims\jvm.cpp, line 1390]
Event: 0.182 Thread 0x000000000280e800 Exception <a 'java/security/PrivilegedActionException'> (0x00000000d666c2c8) thrown at [C:\re\workspace\8-2-build-windows-amd64-cygwin\jdk8u162\10278\hotspot\src\share\vm\prims\jvm.cpp, line 1390]
Event: 0.182 Thread 0x000000000280e800 Exception <a 'java/security/PrivilegedActionException'> (0x00000000d666c4d8) thrown at [C:\re\workspace\8-2-build-windows-amd64-cygwin\jdk8u162\10278\hotspot\src\share\vm\prims\jvm.cpp, line 1390]
Event: 0.395 Thread 0x000000000280e800 Exception <a 'java/lang/ArrayIndexOutOfBoundsException'> (0x00000000d74f3710) thrown at [C:\re\workspace\8-2-build-windows-amd64-cygwin\jdk8u162\10278\hotspot\src\share\vm\runtime\sharedRuntime.cpp, line 605]
Event: 0.397 Thread 0x000000000280e800 Exception <a 'java/lang/ArrayIndexOutOfBoundsException'> (0x00000000d750f708) thrown at [C:\re\workspace\8-2-build-windows-amd64-cygwin\jdk8u162\10278\hotspot\src\share\vm\runtime\sharedRuntime.cpp, line 605]
Event: 0.401 Thread 0x000000000280e800 Exception <a 'java/lang/ArrayIndexOutOfBoundsException'> (0x00000000d7551d78) thrown at [C:\re\workspace\8-2-build-windows-amd64-cygwin\jdk8u162\10278\hotspot\src\share\vm\runtime\sharedRuntime.cpp, line 605]

Events (10 events):
Event: 0.438 loading class org/apache/maven/lifecycle/mapping/LifecycleMapping
Event: 0.438 loading class org/apache/maven/lifecycle/mapping/LifecycleMapping done
Event: 0.438 loading class org/apache/maven/lifecycle/mapping/LifecycleMapping
Event: 0.438 loading class org/apache/maven/lifecycle/mapping/LifecycleMapping done
Event: 0.439 loading class org/apache/maven/lifecycle/mapping/LifecycleMapping
Event: 0.439 loading class org/apache/maven/lifecycle/mapping/LifecycleMapping done
Event: 0.439 loading class org/eclipse/sisu/space/CloningClassSpace
Event: 0.439 loading class org/eclipse/sisu/space/CloningClassSpace done
Event: 0.439 loading class org/eclipse/sisu/space/CloningClassSpace$1
Event: 0.439 loading class org/eclipse/sisu/space/CloningClassSpace$1 done


Dynamic libraries:
0x00007ff745ef0000 - 0x00007ff745f27000 	C:\Program Files\Java\jdk1.8.0_162\bin\java.exe
0x00007ffa245c0000 - 0x00007ffa247c9000 	C:\Windows\SYSTEM32\ntdll.dll
0x00007ffa239e0000 - 0x00007ffa23a9d000 	C:\Windows\System32\KERNEL32.DLL
0x00007ffa21bc0000 - 0x00007ffa21f39000 	C:\Windows\System32\KERNELBASE.dll
0x00007ffa22660000 - 0x00007ffa2270e000 	C:\Windows\System32\ADVAPI32.dll
0x00007ffa244d0000 - 0x00007ffa24573000 	C:\Windows\System32\msvcrt.dll
0x00007ffa238c0000 - 0x00007ffa2395e000 	C:\Windows\System32\sechost.dll
0x00007ffa23790000 - 0x00007ffa238b0000 	C:\Windows\System32\RPCRT4.dll
0x00007ffa23d70000 - 0x00007ffa23f1c000 	C:\Windows\System32\USER32.dll
0x00007ffa221a0000 - 0x00007ffa221c6000 	C:\Windows\System32\win32u.dll
0x00007ffa24010000 - 0x00007ffa24039000 	C:\Windows\System32\GDI32.dll
0x00007ffa21aa0000 - 0x00007ffa21bb2000 	C:\Windows\System32\gdi32full.dll
0x00007ffa221d0000 - 0x00007ffa2226d000 	C:\Windows\System32\msvcp_win.dll
0x00007ffa22000000 - 0x00007ffa22111000 	C:\Windows\System32\ucrtbase.dll
0x00007ffa03e00000 - 0x00007ffa040a5000 	C:\Windows\WinSxS\amd64_microsoft.windows.common-controls_6595b64144ccf1df_6.0.22000.120_none_9d947278b86cc467\COMCTL32.dll
0x00007ffa22540000 - 0x00007ffa22571000 	C:\Windows\System32\IMM32.DLL
0x000000006c890000 - 0x000000006c961000 	C:\Program Files\Java\jdk1.8.0_162\jre\bin\msvcr100.dll
0x000000006c970000 - 0x000000006d210000 	C:\Program Files\Java\jdk1.8.0_162\jre\bin\server\jvm.dll
0x00007ffa23960000 - 0x00007ffa23968000 	C:\Windows\System32\PSAPI.DLL
0x00007ffa1d1f0000 - 0x00007ffa1d1f9000 	C:\Windows\SYSTEM32\WSOCK32.dll
0x00007ffa1cb40000 - 0x00007ffa1cb73000 	C:\Windows\SYSTEM32\WINMM.dll
0x00007ffa1c540000 - 0x00007ffa1c54a000 	C:\Windows\SYSTEM32\VERSION.dll
0x00007ffa23970000 - 0x00007ffa239df000 	C:\Windows\System32\WS2_32.dll
0x000000006c840000 - 0x000000006c84f000 	C:\Program Files\Java\jdk1.8.0_162\jre\bin\verify.dll
0x000000006c810000 - 0x000000006c839000 	C:\Program Files\Java\jdk1.8.0_162\jre\bin\java.dll
0x000000006c7f0000 - 0x000000006c806000 	C:\Program Files\Java\jdk1.8.0_162\jre\bin\zip.dll
0x00007ffa22c10000 - 0x00007ffa233c8000 	C:\Windows\System32\SHELL32.dll
0x00007ffa1fc20000 - 0x00007ffa20488000 	C:\Windows\SYSTEM32\windows.storage.dll
0x00007ffa22710000 - 0x00007ffa22a89000 	C:\Windows\System32\combase.dll
0x00007ffa1fab0000 - 0x00007ffa1fc16000 	C:\Windows\SYSTEM32\wintypes.dll
0x00007ffa23f20000 - 0x00007ffa2400a000 	C:\Windows\System32\SHCORE.dll
0x00007ffa23b30000 - 0x00007ffa23b8d000 	C:\Windows\System32\shlwapi.dll
0x00007ffa219d0000 - 0x00007ffa219f1000 	C:\Windows\SYSTEM32\profapi.dll
0x00007ffa1a4b0000 - 0x00007ffa1a4ba000 	C:\apache-maven-3.6.3\lib\jansi-native\windows64\jansi.dll

VM Arguments:
jvm_args: -Dclassworlds.conf=C:\apache-maven-3.6.3\bin\..\bin\m2.conf -Dmaven.home=C:\apache-maven-3.6.3\bin\.. -Dlibrary.jansi.path=C:\apache-maven-3.6.3\bin\..\lib\jansi-native -Dmaven.multiModuleProjectDirectory=C:\Mac\Final MCC\client-app 
java_command: org.codehaus.plexus.classworlds.launcher.Launcher -Dexec.args=-classpath %classpath id.co.mii.ta.clientapp.ClientAppApplication -Dexec.executable=C:\Program Files\Java\jdk1.8.0_162\bin\java.exe -Dmaven.ext.class.path=C:\Program Files\NetBeans 8.2\java\maven-nblib\netbeans-eventspy.jar -Dfile.encoding=UTF-8 org.codehaus.mojo:exec-maven-plugin:1.2.1:exec
java_class_path (initial): C:\apache-maven-3.6.3\bin\..\boot\plexus-classworlds-2.6.0.jar
Launcher Type: SUN_STANDARD

Environment Variables:
JAVA_HOME=C:\Program Files\Java\jdk1.8.0_162
PATH=C:\ProgramData\Oracle\Java\javapath;C:\oraclexe\app\oracle\product\11.2.0\server\bin;C:\Windows\system32;C:\Windows;C:\Windows\System32\Wbem;C:\Windows\System32\WindowsPowerShell\v1.0\;C:\Windows\System32\OpenSSH\;C:\Program Files\Git\cmd;C:\Users\Mac\AppData\Local\Microsoft\WindowsApps;;C:\Users\Mac\AppData\Local\Programs\Microsoft VS Code\bin
USERNAME=Mac
OS=Windows_NT
PROCESSOR_IDENTIFIER=Intel64 Family 6 Model 142 Stepping 10, GenuineIntel



---------------  S Y S T E M  ---------------

OS: Windows 10.0 , 64 bit Build 22000 (10.0.22000.708)

CPU:total 8 (initial active 8) (4 cores per cpu, 2 threads per core) family 6 model 142 stepping 10, cmov, cx8, fxsr, mmx, sse, sse2, sse3, ssse3, sse4.1, sse4.2, popcnt, avx, avx2, aes, clmul, erms, 3dnowpref, lzcnt, ht, tsc, tscinvbit, bmi1, bmi2, adx

Memory: 4k page, physical 8231084k(1172264k free), swap 12277848k(5140k free)

vm_info: Java HotSpot(TM) 64-Bit Server VM (25.162-b12) for windows-amd64 JRE (1.8.0_162-b12), built on Dec 19 2017 20:00:03 by "java_re" with MS VC++ 10.0 (VS2010)

time: Mon Jun 27 02:49:51 2022
elapsed time: 0 seconds (0d 0h 0m 0s)

